<?xml version="1.0" encoding="UTF-8"?>
<testng-results ignored="0" total="1" passed="1" failed="0" skipped="0">
  <reporter-output>
  </reporter-output>
  <suite started-at="2021-04-22T10:52:43 IST" name="Default suite" finished-at="2021-04-22T10:52:48 IST" duration-ms="4276">
    <groups>
    </groups>
    <test started-at="2021-04-22T10:52:43 IST" name="Default test" finished-at="2021-04-22T10:52:48 IST" duration-ms="4276">
      <class name="com.glogs.pract">
        <test-method is-config="true" signature="mm()[pri:0, instance:com.glogs.pract@1a482e36]" started-at="2021-04-22T10:52:43 IST" name="mm" finished-at="2021-04-22T10:52:43 IST" duration-ms="4" status="PASS">
          <reporter-output>
          </reporter-output>
        </test-method> <!-- mm -->
        <test-method signature="method()[pri:0, instance:com.glogs.pract@1a482e36]" started-at="2021-04-22T10:52:43 IST" name="method" finished-at="2021-04-22T10:52:48 IST" duration-ms="4245" status="PASS">
          <reporter-output>
          </reporter-output>
        </test-method> <!-- method -->
      </class> <!-- com.glogs.pract -->
    </test> <!-- Default test -->
  </suite> <!-- Default suite -->
</testng-results>
